2024-03-28 08:49:23.005 [main] INFO  c.p.generator.bsuir.BsuirApplication - Starting BsuirApplication using Java 17.0.10 with PID 19836 (F:\BsuirJava\target\classes started by artem in F:\BsuirJava)
2024-03-28 08:49:23.009 [main] INFO  c.p.generator.bsuir.BsuirApplication - No active profile set, falling back to 1 default profile: "default"
2024-03-28 08:49:23.628 [main] INFO  o.s.d.r.c.RepositoryConfigurationDelegate - Multiple Spring Data modules found, entering strict repository configuration mode
2024-03-28 08:49:23.628 [main] INFO  o.s.d.r.c.RepositoryConfigurationDelegate - Bootstrapping Spring Data JDBC repositories in DEFAULT mode.
2024-03-28 08:49:23.649 [main] INFO  o.s.d.r.c.RepositoryConfigurationExtensionSupport - Spring Data JDBC - Could not safely identify store assignment for repository candidate interface com.password.generator.bsuir.repository.PasswordRepository; If you want this repository to be a JDBC repository, consider annotating your entities with one of these annotations: org.springframework.data.relational.core.mapping.Table.
2024-03-28 08:49:23.649 [main] INFO  o.s.d.r.c.RepositoryConfigurationExtensionSupport - Spring Data JDBC - Could not safely identify store assignment for repository candidate interface com.password.generator.bsuir.security.repository.RoleRepository; If you want this repository to be a JDBC repository, consider annotating your entities with one of these annotations: org.springframework.data.relational.core.mapping.Table.
2024-03-28 08:49:23.650 [main] INFO  o.s.d.r.c.RepositoryConfigurationExtensionSupport - Spring Data JDBC - Could not safely identify store assignment for repository candidate interface com.password.generator.bsuir.security.repository.UserRepository; If you want this repository to be a JDBC repository, consider annotating your entities with one of these annotations: org.springframework.data.relational.core.mapping.Table.
2024-03-28 08:49:23.650 [main] INFO  o.s.d.r.c.RepositoryConfigurationDelegate - Finished Spring Data repository scanning in 20 ms. Found 0 JDBC repository interfaces.
2024-03-28 08:49:23.656 [main] INFO  o.s.d.r.c.RepositoryConfigurationDelegate - Multiple Spring Data modules found, entering strict repository configuration mode
2024-03-28 08:49:23.657 [main] INFO  o.s.d.r.c.RepositoryConfigurationDelegate - Bootstrapping Spring Data JPA repositories in DEFAULT mode.
2024-03-28 08:49:23.676 [main] INFO  o.s.d.r.c.RepositoryConfigurationDelegate - Finished Spring Data repository scanning in 17 ms. Found 3 JPA repository interfaces.
2024-03-28 08:49:24.095 [main] INFO  o.s.b.w.e.tomcat.TomcatWebServer - Tomcat initialized with port 8080 (http)
2024-03-28 08:49:24.101 [main] INFO  o.a.catalina.core.StandardService - Starting service [Tomcat]
2024-03-28 08:49:24.102 [main] INFO  o.a.catalina.core.StandardEngine - Starting Servlet engine: [Apache Tomcat/10.1.18]
2024-03-28 08:49:24.145 [main] INFO  o.a.c.c.C.[Tomcat].[localhost].[/] - Initializing Spring embedded WebApplicationContext
2024-03-28 08:49:24.146 [main] INFO  o.s.b.w.s.c.ServletWebServerApplicationContext - Root WebApplicationContext: initialization completed in 1111 ms
2024-03-28 08:49:24.224 [main] INFO  com.zaxxer.hikari.HikariDataSource - HikariPool-1 - Starting...
2024-03-28 08:49:24.333 [main] INFO  com.zaxxer.hikari.pool.HikariPool - HikariPool-1 - Added connection org.postgresql.jdbc.PgConnection@54326e9
2024-03-28 08:49:24.335 [main] INFO  com.zaxxer.hikari.HikariDataSource - HikariPool-1 - Start completed.
2024-03-28 08:49:24.524 [main] INFO  o.s.o.j.p.SpringPersistenceUnitInfo - No LoadTimeWeaver setup: ignoring JPA class transformer
2024-03-28 08:49:25.124 [main] INFO  o.s.o.j.LocalContainerEntityManagerFactoryBean - Initialized JPA EntityManagerFactory for persistence unit 'default'
2024-03-28 08:49:25.389 [main] INFO  o.s.d.j.r.query.QueryEnhancerFactory - JSqlParser is in classpath; If applicable, JSqlParser will be used
2024-03-28 08:49:25.389 [main] INFO  o.s.d.j.r.query.QueryEnhancerFactory - Hibernate is in classpath; If applicable, HQL parser will be used.
2024-03-28 08:49:25.715 [main] WARN  o.s.b.a.o.j.JpaBaseConfiguration$JpaWebConfiguration - spring.jpa.open-in-view is enabled by default. Therefore, database queries may be performed during view rendering. Explicitly configure spring.jpa.open-in-view to disable this warning
2024-03-28 08:49:26.109 [main] INFO  o.s.s.web.DefaultSecurityFilterChain - Will secure any request with [org.springframework.security.web.session.DisableEncodeUrlFilter@5679e464, org.springframework.security.web.context.request.async.WebAsyncManagerIntegrationFilter@6089c1e3, org.springframework.security.web.context.SecurityContextHolderFilter@5a429813, org.springframework.security.web.header.HeaderWriterFilter@7a1148f2, org.springframework.web.filter.CorsFilter@67231d8d, org.springframework.security.web.authentication.logout.LogoutFilter@31fd3db2, com.password.generator.bsuir.security.config.JwtAuthenticationFilter@395c21ee, org.springframework.security.web.savedrequest.RequestCacheAwareFilter@26ab3c1b, org.springframework.security.web.servletapi.SecurityContextHolderAwareRequestFilter@98dc042, org.springframework.security.web.authentication.AnonymousAuthenticationFilter@7acb0a44, org.springframework.security.web.session.SessionManagementFilter@78f2cab9, org.springframework.security.web.access.ExceptionTranslationFilter@4c04188, org.springframework.security.web.access.intercept.AuthorizationFilter@2845fd12]
2024-03-28 08:49:26.210 [main] WARN  o.s.b.a.t.ThymeleafAutoConfiguration$DefaultTemplateResolverConfiguration - Cannot find template location: classpath:/templates/ (please add some templates, check your Thymeleaf configuration, or set spring.thymeleaf.check-template-location=false)
2024-03-28 08:49:26.444 [main] INFO  o.s.b.w.e.tomcat.TomcatWebServer - Tomcat started on port 8080 (http) with context path ''
2024-03-28 08:49:26.451 [main] INFO  c.p.generator.bsuir.BsuirApplication - Started BsuirApplication in 3.676 seconds (process running for 4.06)
2024-03-28 08:49:38.937 [http-nio-8080-exec-2] INFO  o.a.c.c.C.[Tomcat].[localhost].[/] - Initializing Spring DispatcherServlet 'dispatcherServlet'
2024-03-28 08:49:38.937 [http-nio-8080-exec-2] INFO  o.s.web.servlet.DispatcherServlet - Initializing Servlet 'dispatcherServlet'
2024-03-28 08:49:38.938 [http-nio-8080-exec-2] INFO  o.s.web.servlet.DispatcherServlet - Completed initialization in 0 ms
2024-03-28 08:49:39.125 [http-nio-8080-exec-2] INFO  c.p.g.b.a.PasswordGenerationServiceAspect - Generating passwords with difficulty 'HARD', length '15' and count '1'...
2024-03-28 08:49:39.172 [http-nio-8080-exec-2] INFO  c.p.g.b.a.PasswordGenerationServiceAspect - Passwords generated successfully.
2024-03-28 08:49:43.449 [SpringApplicationShutdownHook] INFO  o.s.o.j.LocalContainerEntityManagerFactoryBean - Closing JPA EntityManagerFactory for persistence unit 'default'
2024-03-28 08:49:43.451 [SpringApplicationShutdownHook] INFO  com.zaxxer.hikari.HikariDataSource - HikariPool-1 - Shutdown initiated...
2024-03-28 08:49:43.452 [SpringApplicationShutdownHook] INFO  com.zaxxer.hikari.HikariDataSource - HikariPool-1 - Shutdown completed.
